Oct 10, 2020 11:05:37 PM seedu.itlogger.ItLogger main
INFO: Creating ITLogger issue list...
Oct 10, 2020 11:05:59 PM seedu.itlogger.ItLogger main
INFO: Getting username from user...
Oct 10, 2020 11:05:59 PM seedu.itlogger.ItLogger main
FINE: completed the obtaining of username...
Oct 10, 2020 11:05:59 PM seedu.itlogger.ItLogger main
INFO: Beginning program run...
Oct 10, 2020 11:06:14 PM seedu.itlogger.ItLogger main
INFO: getting instruction for program...
Oct 10, 2020 11:06:14 PM seedu.itlogger.ItLogger main
INFO: finished getting instruction for program...
Oct 10, 2020 11:06:14 PM seedu.itlogger.ItLogger main
CONFIG: updated config for ItLogger command
Oct 10, 2020 11:06:14 PM seedu.itlogger.ItLogger main
INFO: Beginning program run...
Oct 10, 2020 11:06:27 PM seedu.itlogger.ItLogger main
INFO: getting instruction for program...
Oct 10, 2020 11:06:27 PM seedu.itlogger.ItLogger main
INFO: finished getting instruction for program...
Oct 10, 2020 11:06:27 PM seedu.itlogger.ItLogger main
CONFIG: updated config for ItLogger command
Oct 10, 2020 11:06:27 PM seedu.itlogger.ItLogger main
INFO: Performing listing operation for ItLogger, showing all defect...
Oct 10, 2020 11:06:27 PM seedu.itlogger.ItLogger main
INFO: Obtained issueList...
Oct 10, 2020 11:06:27 PM seedu.itlogger.ItLogger main
INFO: printing issues
Oct 10, 2020 11:06:27 PM seedu.itlogger.ItLogger main
INFO: Beginning program run...
Oct 10, 2020 11:07:02 PM seedu.itlogger.ItLogger main
INFO: getting instruction for program...
Oct 10, 2020 11:07:02 PM seedu.itlogger.ItLogger main
INFO: finished getting instruction for program...
Oct 10, 2020 11:07:02 PM seedu.itlogger.ItLogger main
WARNING: Non-existent keyword was captured! error is: No enum constant seedu.itlogger.KeyWord.QUIT
java.lang.IllegalArgumentException: No enum constant seedu.itlogger.KeyWord.QUIT
	at java.base/java.lang.Enum.valueOf(Enum.java:240)
	at seedu.itlogger.KeyWord.valueOf(KeyWord.java:3)
	at seedu.itlogger.Parser.parseKeyWord(Parser.java:31)
	at seedu.itlogger.ItLogger.main(ItLogger.java:84)

Oct 10, 2020 11:07:02 PM seedu.itlogger.ItLogger main
INFO: Beginning program run...
Oct 10, 2020 11:07:11 PM seedu.itlogger.ItLogger main
WARNING: Non-existent keyword was captured! error is: No enum constant seedu.itlogger.KeyWord.
java.lang.IllegalArgumentException: No enum constant seedu.itlogger.KeyWord.
	at java.base/java.lang.Enum.valueOf(Enum.java:240)
	at seedu.itlogger.KeyWord.valueOf(KeyWord.java:3)
	at seedu.itlogger.Parser.parseKeyWord(Parser.java:31)
	at seedu.itlogger.ItLogger.main(ItLogger.java:84)

Oct 10, 2020 11:07:11 PM seedu.itlogger.ItLogger main
INFO: Beginning program run...
Oct 10, 2020 11:07:11 PM seedu.itlogger.ItLogger main
WARNING: Non-existent keyword was captured! error is: No enum constant seedu.itlogger.KeyWord.
java.lang.IllegalArgumentException: No enum constant seedu.itlogger.KeyWord.
	at java.base/java.lang.Enum.valueOf(Enum.java:240)
	at seedu.itlogger.KeyWord.valueOf(KeyWord.java:3)
	at seedu.itlogger.Parser.parseKeyWord(Parser.java:31)
	at seedu.itlogger.ItLogger.main(ItLogger.java:84)

Oct 10, 2020 11:07:11 PM seedu.itlogger.ItLogger main
INFO: Beginning program run...
Oct 10, 2020 11:07:11 PM seedu.itlogger.ItLogger main
WARNING: Non-existent keyword was captured! error is: No enum constant seedu.itlogger.KeyWord.
java.lang.IllegalArgumentException: No enum constant seedu.itlogger.KeyWord.
	at java.base/java.lang.Enum.valueOf(Enum.java:240)
	at seedu.itlogger.KeyWord.valueOf(KeyWord.java:3)
	at seedu.itlogger.Parser.parseKeyWord(Parser.java:31)
	at seedu.itlogger.ItLogger.main(ItLogger.java:84)

Oct 10, 2020 11:07:11 PM seedu.itlogger.ItLogger main
INFO: Beginning program run...
Oct 10, 2020 11:07:11 PM seedu.itlogger.ItLogger main
WARNING: Non-existent keyword was captured! error is: No enum constant seedu.itlogger.KeyWord.
java.lang.IllegalArgumentException: No enum constant seedu.itlogger.KeyWord.
	at java.base/java.lang.Enum.valueOf(Enum.java:240)
	at seedu.itlogger.KeyWord.valueOf(KeyWord.java:3)
	at seedu.itlogger.Parser.parseKeyWord(Parser.java:31)
	at seedu.itlogger.ItLogger.main(ItLogger.java:84)

Oct 10, 2020 11:07:11 PM seedu.itlogger.ItLogger main
INFO: Beginning program run...
Oct 10, 2020 11:07:11 PM seedu.itlogger.ItLogger main
WARNING: Non-existent keyword was captured! error is: No enum constant seedu.itlogger.KeyWord.
java.lang.IllegalArgumentException: No enum constant seedu.itlogger.KeyWord.
	at java.base/java.lang.Enum.valueOf(Enum.java:240)
	at seedu.itlogger.KeyWord.valueOf(KeyWord.java:3)
	at seedu.itlogger.Parser.parseKeyWord(Parser.java:31)
	at seedu.itlogger.ItLogger.main(ItLogger.java:84)

Oct 10, 2020 11:07:11 PM seedu.itlogger.ItLogger main
INFO: Beginning program run...
Oct 10, 2020 11:07:11 PM seedu.itlogger.ItLogger main
WARNING: Non-existent keyword was captured! error is: No enum constant seedu.itlogger.KeyWord.
java.lang.IllegalArgumentException: No enum constant seedu.itlogger.KeyWord.
	at java.base/java.lang.Enum.valueOf(Enum.java:240)
	at seedu.itlogger.KeyWord.valueOf(KeyWord.java:3)
	at seedu.itlogger.Parser.parseKeyWord(Parser.java:31)
	at seedu.itlogger.ItLogger.main(ItLogger.java:84)

Oct 10, 2020 11:07:11 PM seedu.itlogger.ItLogger main
INFO: Beginning program run...
Oct 10, 2020 11:07:11 PM seedu.itlogger.ItLogger main
WARNING: Non-existent keyword was captured! error is: No enum constant seedu.itlogger.KeyWord.
java.lang.IllegalArgumentException: No enum constant seedu.itlogger.KeyWord.
	at java.base/java.lang.Enum.valueOf(Enum.java:240)
	at seedu.itlogger.KeyWord.valueOf(KeyWord.java:3)
	at seedu.itlogger.Parser.parseKeyWord(Parser.java:31)
	at seedu.itlogger.ItLogger.main(ItLogger.java:84)

Oct 10, 2020 11:07:11 PM seedu.itlogger.ItLogger main
INFO: Beginning program run...
Oct 10, 2020 11:07:11 PM seedu.itlogger.ItLogger main
WARNING: Non-existent keyword was captured! error is: No enum constant seedu.itlogger.KeyWord.
java.lang.IllegalArgumentException: No enum constant seedu.itlogger.KeyWord.
	at java.base/java.lang.Enum.valueOf(Enum.java:240)
	at seedu.itlogger.KeyWord.valueOf(KeyWord.java:3)
	at seedu.itlogger.Parser.parseKeyWord(Parser.java:31)
	at seedu.itlogger.ItLogger.main(ItLogger.java:84)

Oct 10, 2020 11:07:11 PM seedu.itlogger.ItLogger main
INFO: Beginning program run...
Oct 10, 2020 11:07:11 PM seedu.itlogger.ItLogger main
WARNING: Non-existent keyword was captured! error is: No enum constant seedu.itlogger.KeyWord.
java.lang.IllegalArgumentException: No enum constant seedu.itlogger.KeyWord.
	at java.base/java.lang.Enum.valueOf(Enum.java:240)
	at seedu.itlogger.KeyWord.valueOf(KeyWord.java:3)
	at seedu.itlogger.Parser.parseKeyWord(Parser.java:31)
	at seedu.itlogger.ItLogger.main(ItLogger.java:84)

Oct 10, 2020 11:07:11 PM seedu.itlogger.ItLogger main
INFO: Beginning program run...
Oct 10, 2020 11:07:11 PM seedu.itlogger.ItLogger main
WARNING: Non-existent keyword was captured! error is: No enum constant seedu.itlogger.KeyWord.
java.lang.IllegalArgumentException: No enum constant seedu.itlogger.KeyWord.
	at java.base/java.lang.Enum.valueOf(Enum.java:240)
	at seedu.itlogger.KeyWord.valueOf(KeyWord.java:3)
	at seedu.itlogger.Parser.parseKeyWord(Parser.java:31)
	at seedu.itlogger.ItLogger.main(ItLogger.java:84)

Oct 10, 2020 11:07:11 PM seedu.itlogger.ItLogger main
INFO: Beginning program run...
Oct 10, 2020 11:07:11 PM seedu.itlogger.ItLogger main
WARNING: Non-existent keyword was captured! error is: No enum constant seedu.itlogger.KeyWord.
java.lang.IllegalArgumentException: No enum constant seedu.itlogger.KeyWord.
	at java.base/java.lang.Enum.valueOf(Enum.java:240)
	at seedu.itlogger.KeyWord.valueOf(KeyWord.java:3)
	at seedu.itlogger.Parser.parseKeyWord(Parser.java:31)
	at seedu.itlogger.ItLogger.main(ItLogger.java:84)

Oct 10, 2020 11:07:11 PM seedu.itlogger.ItLogger main
INFO: Beginning program run...
Oct 10, 2020 11:07:11 PM seedu.itlogger.ItLogger main
WARNING: Non-existent keyword was captured! error is: No enum constant seedu.itlogger.KeyWord.
java.lang.IllegalArgumentException: No enum constant seedu.itlogger.KeyWord.
	at java.base/java.lang.Enum.valueOf(Enum.java:240)
	at seedu.itlogger.KeyWord.valueOf(KeyWord.java:3)
	at seedu.itlogger.Parser.parseKeyWord(Parser.java:31)
	at seedu.itlogger.ItLogger.main(ItLogger.java:84)

Oct 10, 2020 11:07:11 PM seedu.itlogger.ItLogger main
INFO: Beginning program run...
Oct 10, 2020 11:07:11 PM seedu.itlogger.ItLogger main
WARNING: Non-existent keyword was captured! error is: No enum constant seedu.itlogger.KeyWord.
java.lang.IllegalArgumentException: No enum constant seedu.itlogger.KeyWord.
	at java.base/java.lang.Enum.valueOf(Enum.java:240)
	at seedu.itlogger.KeyWord.valueOf(KeyWord.java:3)
	at seedu.itlogger.Parser.parseKeyWord(Parser.java:31)
	at seedu.itlogger.ItLogger.main(ItLogger.java:84)

Oct 10, 2020 11:07:11 PM seedu.itlogger.ItLogger main
INFO: Beginning program run...
Oct 10, 2020 11:07:11 PM seedu.itlogger.ItLogger main
WARNING: Non-existent keyword was captured! error is: No enum constant seedu.itlogger.KeyWord.
java.lang.IllegalArgumentException: No enum constant seedu.itlogger.KeyWord.
	at java.base/java.lang.Enum.valueOf(Enum.java:240)
	at seedu.itlogger.KeyWord.valueOf(KeyWord.java:3)
	at seedu.itlogger.Parser.parseKeyWord(Parser.java:31)
	at seedu.itlogger.ItLogger.main(ItLogger.java:84)

Oct 10, 2020 11:07:11 PM seedu.itlogger.ItLogger main
INFO: Beginning program run...
Oct 10, 2020 11:07:11 PM seedu.itlogger.ItLogger main
WARNING: Non-existent keyword was captured! error is: No enum constant seedu.itlogger.KeyWord.
java.lang.IllegalArgumentException: No enum constant seedu.itlogger.KeyWord.
	at java.base/java.lang.Enum.valueOf(Enum.java:240)
	at seedu.itlogger.KeyWord.valueOf(KeyWord.java:3)
	at seedu.itlogger.Parser.parseKeyWord(Parser.java:31)
	at seedu.itlogger.ItLogger.main(ItLogger.java:84)

Oct 10, 2020 11:07:11 PM seedu.itlogger.ItLogger main
INFO: Beginning program run...
Oct 10, 2020 11:07:11 PM seedu.itlogger.ItLogger main
WARNING: Non-existent keyword was captured! error is: No enum constant seedu.itlogger.KeyWord.
java.lang.IllegalArgumentException: No enum constant seedu.itlogger.KeyWord.
	at java.base/java.lang.Enum.valueOf(Enum.java:240)
	at seedu.itlogger.KeyWord.valueOf(KeyWord.java:3)
	at seedu.itlogger.Parser.parseKeyWord(Parser.java:31)
	at seedu.itlogger.ItLogger.main(ItLogger.java:84)

Oct 10, 2020 11:07:11 PM seedu.itlogger.ItLogger main
INFO: Beginning program run...
Oct 10, 2020 11:07:11 PM seedu.itlogger.ItLogger main
WARNING: Non-existent keyword was captured! error is: No enum constant seedu.itlogger.KeyWord.
java.lang.IllegalArgumentException: No enum constant seedu.itlogger.KeyWord.
	at java.base/java.lang.Enum.valueOf(Enum.java:240)
	at seedu.itlogger.KeyWord.valueOf(KeyWord.java:3)
	at seedu.itlogger.Parser.parseKeyWord(Parser.java:31)
	at seedu.itlogger.ItLogger.main(ItLogger.java:84)

Oct 10, 2020 11:07:11 PM seedu.itlogger.ItLogger main
INFO: Beginning program run...
Oct 10, 2020 11:07:11 PM seedu.itlogger.ItLogger main
WARNING: Non-existent keyword was captured! error is: No enum constant seedu.itlogger.KeyWord.
java.lang.IllegalArgumentException: No enum constant seedu.itlogger.KeyWord.
	at java.base/java.lang.Enum.valueOf(Enum.java:240)
	at seedu.itlogger.KeyWord.valueOf(KeyWord.java:3)
	at seedu.itlogger.Parser.parseKeyWord(Parser.java:31)
	at seedu.itlogger.ItLogger.main(ItLogger.java:84)

Oct 10, 2020 11:07:11 PM seedu.itlogger.ItLogger main
INFO: Beginning program run...
Oct 10, 2020 11:07:11 PM seedu.itlogger.ItLogger main
WARNING: Non-existent keyword was captured! error is: No enum constant seedu.itlogger.KeyWord.
java.lang.IllegalArgumentException: No enum constant seedu.itlogger.KeyWord.
	at java.base/java.lang.Enum.valueOf(Enum.java:240)
	at seedu.itlogger.KeyWord.valueOf(KeyWord.java:3)
	at seedu.itlogger.Parser.parseKeyWord(Parser.java:31)
	at seedu.itlogger.ItLogger.main(ItLogger.java:84)

Oct 10, 2020 11:07:11 PM seedu.itlogger.ItLogger main
INFO: Beginning program run...
Oct 10, 2020 11:07:11 PM seedu.itlogger.ItLogger main
WARNING: Non-existent keyword was captured! error is: No enum constant seedu.itlogger.KeyWord.
java.lang.IllegalArgumentException: No enum constant seedu.itlogger.KeyWord.
	at java.base/java.lang.Enum.valueOf(Enum.java:240)
	at seedu.itlogger.KeyWord.valueOf(KeyWord.java:3)
	at seedu.itlogger.Parser.parseKeyWord(Parser.java:31)
	at seedu.itlogger.ItLogger.main(ItLogger.java:84)

Oct 10, 2020 11:07:11 PM seedu.itlogger.ItLogger main
INFO: Beginning program run...
Oct 10, 2020 11:07:11 PM seedu.itlogger.ItLogger main
WARNING: Non-existent keyword was captured! error is: No enum constant seedu.itlogger.KeyWord.
java.lang.IllegalArgumentException: No enum constant seedu.itlogger.KeyWord.
	at java.base/java.lang.Enum.valueOf(Enum.java:240)
	at seedu.itlogger.KeyWord.valueOf(KeyWord.java:3)
	at seedu.itlogger.Parser.parseKeyWord(Parser.java:31)
	at seedu.itlogger.ItLogger.main(ItLogger.java:84)

Oct 10, 2020 11:07:11 PM seedu.itlogger.ItLogger main
INFO: Beginning program run...
Oct 10, 2020 11:07:11 PM seedu.itlogger.ItLogger main
WARNING: Non-existent keyword was captured! error is: No enum constant seedu.itlogger.KeyWord.
java.lang.IllegalArgumentException: No enum constant seedu.itlogger.KeyWord.
	at java.base/java.lang.Enum.valueOf(Enum.java:240)
	at seedu.itlogger.KeyWord.valueOf(KeyWord.java:3)
	at seedu.itlogger.Parser.parseKeyWord(Parser.java:31)
	at seedu.itlogger.ItLogger.main(ItLogger.java:84)

Oct 10, 2020 11:07:11 PM seedu.itlogger.ItLogger main
INFO: Beginning program run...
Oct 10, 2020 11:07:11 PM seedu.itlogger.ItLogger main
WARNING: Non-existent keyword was captured! error is: No enum constant seedu.itlogger.KeyWord.
java.lang.IllegalArgumentException: No enum constant seedu.itlogger.KeyWord.
	at java.base/java.lang.Enum.valueOf(Enum.java:240)
	at seedu.itlogger.KeyWord.valueOf(KeyWord.java:3)
	at seedu.itlogger.Parser.parseKeyWord(Parser.java:31)
	at seedu.itlogger.ItLogger.main(ItLogger.java:84)

Oct 10, 2020 11:07:11 PM seedu.itlogger.ItLogger main
INFO: Beginning program run...
Oct 10, 2020 11:07:11 PM seedu.itlogger.ItLogger main
WARNING: Non-existent keyword was captured! error is: No enum constant seedu.itlogger.KeyWord.
java.lang.IllegalArgumentException: No enum constant seedu.itlogger.KeyWord.
	at java.base/java.lang.Enum.valueOf(Enum.java:240)
	at seedu.itlogger.KeyWord.valueOf(KeyWord.java:3)
	at seedu.itlogger.Parser.parseKeyWord(Parser.java:31)
	at seedu.itlogger.ItLogger.main(ItLogger.java:84)

Oct 10, 2020 11:07:11 PM seedu.itlogger.ItLogger main
INFO: Beginning program run...
Oct 10, 2020 11:07:11 PM seedu.itlogger.ItLogger main
WARNING: Non-existent keyword was captured! error is: No enum constant seedu.itlogger.KeyWord.
java.lang.IllegalArgumentException: No enum constant seedu.itlogger.KeyWord.
	at java.base/java.lang.Enum.valueOf(Enum.java:240)
	at seedu.itlogger.KeyWord.valueOf(KeyWord.java:3)
	at seedu.itlogger.Parser.parseKeyWord(Parser.java:31)
	at seedu.itlogger.ItLogger.main(ItLogger.java:84)

Oct 10, 2020 11:07:11 PM seedu.itlogger.ItLogger main
INFO: Beginning program run...
Oct 10, 2020 11:07:11 PM seedu.itlogger.ItLogger main
WARNING: Non-existent keyword was captured! error is: No enum constant seedu.itlogger.KeyWord.
java.lang.IllegalArgumentException: No enum constant seedu.itlogger.KeyWord.
	at java.base/java.lang.Enum.valueOf(Enum.java:240)
	at seedu.itlogger.KeyWord.valueOf(KeyWord.java:3)
	at seedu.itlogger.Parser.parseKeyWord(Parser.java:31)
	at seedu.itlogger.ItLogger.main(ItLogger.java:84)

Oct 10, 2020 11:07:11 PM seedu.itlogger.ItLogger main
INFO: Beginning program run...
Oct 10, 2020 11:07:11 PM seedu.itlogger.ItLogger main
WARNING: Non-existent keyword was captured! error is: No enum constant seedu.itlogger.KeyWord.
java.lang.IllegalArgumentException: No enum constant seedu.itlogger.KeyWord.
	at java.base/java.lang.Enum.valueOf(Enum.java:240)
	at seedu.itlogger.KeyWord.valueOf(KeyWord.java:3)
	at seedu.itlogger.Parser.parseKeyWord(Parser.java:31)
	at seedu.itlogger.ItLogger.main(ItLogger.java:84)

Oct 10, 2020 11:07:11 PM seedu.itlogger.ItLogger main
INFO: Beginning program run...
Oct 10, 2020 11:07:11 PM seedu.itlogger.ItLogger main
WARNING: Non-existent keyword was captured! error is: No enum constant seedu.itlogger.KeyWord.
java.lang.IllegalArgumentException: No enum constant seedu.itlogger.KeyWord.
	at java.base/java.lang.Enum.valueOf(Enum.java:240)
	at seedu.itlogger.KeyWord.valueOf(KeyWord.java:3)
	at seedu.itlogger.Parser.parseKeyWord(Parser.java:31)
	at seedu.itlogger.ItLogger.main(ItLogger.java:84)

Oct 10, 2020 11:07:11 PM seedu.itlogger.ItLogger main
INFO: Beginning program run...
Oct 10, 2020 11:07:11 PM seedu.itlogger.ItLogger main
WARNING: Non-existent keyword was captured! error is: No enum constant seedu.itlogger.KeyWord.
java.lang.IllegalArgumentException: No enum constant seedu.itlogger.KeyWord.
	at java.base/java.lang.Enum.valueOf(Enum.java:240)
	at seedu.itlogger.KeyWord.valueOf(KeyWord.java:3)
	at seedu.itlogger.Parser.parseKeyWord(Parser.java:31)
	at seedu.itlogger.ItLogger.main(ItLogger.java:84)

Oct 10, 2020 11:07:11 PM seedu.itlogger.ItLogger main
INFO: Beginning program run...
Oct 10, 2020 11:07:11 PM seedu.itlogger.ItLogger main
WARNING: Non-existent keyword was captured! error is: No enum constant seedu.itlogger.KeyWord.
java.lang.IllegalArgumentException: No enum constant seedu.itlogger.KeyWord.
	at java.base/java.lang.Enum.valueOf(Enum.java:240)
	at seedu.itlogger.KeyWord.valueOf(KeyWord.java:3)
	at seedu.itlogger.Parser.parseKeyWord(Parser.java:31)
	at seedu.itlogger.ItLogger.main(ItLogger.java:84)

Oct 10, 2020 11:07:11 PM seedu.itlogger.ItLogger main
INFO: Beginning program run...
Oct 10, 2020 11:07:11 PM seedu.itlogger.ItLogger main
WARNING: Non-existent keyword was captured! error is: No enum constant seedu.itlogger.KeyWord.
java.lang.IllegalArgumentException: No enum constant seedu.itlogger.KeyWord.
	at java.base/java.lang.Enum.valueOf(Enum.java:240)
	at seedu.itlogger.KeyWord.valueOf(KeyWord.java:3)
	at seedu.itlogger.Parser.parseKeyWord(Parser.java:31)
	at seedu.itlogger.ItLogger.main(ItLogger.java:84)

Oct 10, 2020 11:07:11 PM seedu.itlogger.ItLogger main
INFO: Beginning program run...
Oct 10, 2020 11:07:11 PM seedu.itlogger.ItLogger main
WARNING: Non-existent keyword was captured! error is: No enum constant seedu.itlogger.KeyWord.
java.lang.IllegalArgumentException: No enum constant seedu.itlogger.KeyWord.
	at java.base/java.lang.Enum.valueOf(Enum.java:240)
	at seedu.itlogger.KeyWord.valueOf(KeyWord.java:3)
	at seedu.itlogger.Parser.parseKeyWord(Parser.java:31)
	at seedu.itlogger.ItLogger.main(ItLogger.java:84)

Oct 10, 2020 11:07:11 PM seedu.itlogger.ItLogger main
INFO: Beginning program run...
Oct 10, 2020 11:07:11 PM seedu.itlogger.ItLogger main
WARNING: Non-existent keyword was captured! error is: No enum constant seedu.itlogger.KeyWord.
java.lang.IllegalArgumentException: No enum constant seedu.itlogger.KeyWord.
	at java.base/java.lang.Enum.valueOf(Enum.java:240)
	at seedu.itlogger.KeyWord.valueOf(KeyWord.java:3)
	at seedu.itlogger.Parser.parseKeyWord(Parser.java:31)
	at seedu.itlogger.ItLogger.main(ItLogger.java:84)

Oct 10, 2020 11:07:11 PM seedu.itlogger.ItLogger main
INFO: Beginning program run...
Oct 10, 2020 11:07:11 PM seedu.itlogger.ItLogger main
WARNING: Non-existent keyword was captured! error is: No enum constant seedu.itlogger.KeyWord.
java.lang.IllegalArgumentException: No enum constant seedu.itlogger.KeyWord.
	at java.base/java.lang.Enum.valueOf(Enum.java:240)
	at seedu.itlogger.KeyWord.valueOf(KeyWord.java:3)
	at seedu.itlogger.Parser.parseKeyWord(Parser.java:31)
	at seedu.itlogger.ItLogger.main(ItLogger.java:84)

Oct 10, 2020 11:07:11 PM seedu.itlogger.ItLogger main
INFO: Beginning program run...
Oct 10, 2020 11:07:11 PM seedu.itlogger.ItLogger main
WARNING: Non-existent keyword was captured! error is: No enum constant seedu.itlogger.KeyWord.
java.lang.IllegalArgumentException: No enum constant seedu.itlogger.KeyWord.
	at java.base/java.lang.Enum.valueOf(Enum.java:240)
	at seedu.itlogger.KeyWord.valueOf(KeyWord.java:3)
	at seedu.itlogger.Parser.parseKeyWord(Parser.java:31)
	at seedu.itlogger.ItLogger.main(ItLogger.java:84)

Oct 10, 2020 11:07:11 PM seedu.itlogger.ItLogger main
INFO: Beginning program run...
Oct 10, 2020 11:07:11 PM seedu.itlogger.ItLogger main
WARNING: Non-existent keyword was captured! error is: No enum constant seedu.itlogger.KeyWord.
java.lang.IllegalArgumentException: No enum constant seedu.itlogger.KeyWord.
	at java.base/java.lang.Enum.valueOf(Enum.java:240)
	at seedu.itlogger.KeyWord.valueOf(KeyWord.java:3)
	at seedu.itlogger.Parser.parseKeyWord(Parser.java:31)
	at seedu.itlogger.ItLogger.main(ItLogger.java:84)

Oct 10, 2020 11:07:11 PM seedu.itlogger.ItLogger main
INFO: Beginning program run...
Oct 10, 2020 11:07:11 PM seedu.itlogger.ItLogger main
WARNING: Non-existent keyword was captured! error is: No enum constant seedu.itlogger.KeyWord.
java.lang.IllegalArgumentException: No enum constant seedu.itlogger.KeyWord.
	at java.base/java.lang.Enum.valueOf(Enum.java:240)
	at seedu.itlogger.KeyWord.valueOf(KeyWord.java:3)
	at seedu.itlogger.Parser.parseKeyWord(Parser.java:31)
	at seedu.itlogger.ItLogger.main(ItLogger.java:84)

Oct 10, 2020 11:07:11 PM seedu.itlogger.ItLogger main
INFO: Beginning program run...
Oct 10, 2020 11:07:11 PM seedu.itlogger.ItLogger main
WARNING: Non-existent keyword was captured! error is: No enum constant seedu.itlogger.KeyWord.
java.lang.IllegalArgumentException: No enum constant seedu.itlogger.KeyWord.
	at java.base/java.lang.Enum.valueOf(Enum.java:240)
	at seedu.itlogger.KeyWord.valueOf(KeyWord.java:3)
	at seedu.itlogger.Parser.parseKeyWord(Parser.java:31)
	at seedu.itlogger.ItLogger.main(ItLogger.java:84)

Oct 10, 2020 11:07:11 PM seedu.itlogger.ItLogger main
INFO: Beginning program run...
Oct 10, 2020 11:07:11 PM seedu.itlogger.ItLogger main
WARNING: Non-existent keyword was captured! error is: No enum constant seedu.itlogger.KeyWord.
java.lang.IllegalArgumentException: No enum constant seedu.itlogger.KeyWord.
	at java.base/java.lang.Enum.valueOf(Enum.java:240)
	at seedu.itlogger.KeyWord.valueOf(KeyWord.java:3)
	at seedu.itlogger.Parser.parseKeyWord(Parser.java:31)
	at seedu.itlogger.ItLogger.main(ItLogger.java:84)

Oct 10, 2020 11:07:11 PM seedu.itlogger.ItLogger main
INFO: Beginning program run...
Oct 10, 2020 11:07:11 PM seedu.itlogger.ItLogger main
WARNING: Non-existent keyword was captured! error is: No enum constant seedu.itlogger.KeyWord.
java.lang.IllegalArgumentException: No enum constant seedu.itlogger.KeyWord.
	at java.base/java.lang.Enum.valueOf(Enum.java:240)
	at seedu.itlogger.KeyWord.valueOf(KeyWord.java:3)
	at seedu.itlogger.Parser.parseKeyWord(Parser.java:31)
	at seedu.itlogger.ItLogger.main(ItLogger.java:84)

Oct 10, 2020 11:07:11 PM seedu.itlogger.ItLogger main
INFO: Beginning program run...
Oct 10, 2020 11:07:11 PM seedu.itlogger.ItLogger main
WARNING: Non-existent keyword was captured! error is: No enum constant seedu.itlogger.KeyWord.
java.lang.IllegalArgumentException: No enum constant seedu.itlogger.KeyWord.
	at java.base/java.lang.Enum.valueOf(Enum.java:240)
	at seedu.itlogger.KeyWord.valueOf(KeyWord.java:3)
	at seedu.itlogger.Parser.parseKeyWord(Parser.java:31)
	at seedu.itlogger.ItLogger.main(ItLogger.java:84)

Oct 10, 2020 11:07:11 PM seedu.itlogger.ItLogger main
INFO: Beginning program run...
Oct 10, 2020 11:07:11 PM seedu.itlogger.ItLogger main
WARNING: Non-existent keyword was captured! error is: No enum constant seedu.itlogger.KeyWord.
java.lang.IllegalArgumentException: No enum constant seedu.itlogger.KeyWord.
	at java.base/java.lang.Enum.valueOf(Enum.java:240)
	at seedu.itlogger.KeyWord.valueOf(KeyWord.java:3)
	at seedu.itlogger.Parser.parseKeyWord(Parser.java:31)
	at seedu.itlogger.ItLogger.main(ItLogger.java:84)

Oct 10, 2020 11:07:11 PM seedu.itlogger.ItLogger main
INFO: Beginning program run...
Oct 10, 2020 11:07:11 PM seedu.itlogger.ItLogger main
WARNING: Non-existent keyword was captured! error is: No enum constant seedu.itlogger.KeyWord.
java.lang.IllegalArgumentException: No enum constant seedu.itlogger.KeyWord.
	at java.base/java.lang.Enum.valueOf(Enum.java:240)
	at seedu.itlogger.KeyWord.valueOf(KeyWord.java:3)
	at seedu.itlogger.Parser.parseKeyWord(Parser.java:31)
	at seedu.itlogger.ItLogger.main(ItLogger.java:84)

Oct 10, 2020 11:07:11 PM seedu.itlogger.ItLogger main
INFO: Beginning program run...
Oct 10, 2020 11:07:11 PM seedu.itlogger.ItLogger main
WARNING: Non-existent keyword was captured! error is: No enum constant seedu.itlogger.KeyWord.
java.lang.IllegalArgumentException: No enum constant seedu.itlogger.KeyWord.
	at java.base/java.lang.Enum.valueOf(Enum.java:240)
	at seedu.itlogger.KeyWord.valueOf(KeyWord.java:3)
	at seedu.itlogger.Parser.parseKeyWord(Parser.java:31)
	at seedu.itlogger.ItLogger.main(ItLogger.java:84)

Oct 10, 2020 11:07:11 PM seedu.itlogger.ItLogger main
INFO: Beginning program run...
Oct 10, 2020 11:07:11 PM seedu.itlogger.ItLogger main
WARNING: Non-existent keyword was captured! error is: No enum constant seedu.itlogger.KeyWord.
java.lang.IllegalArgumentException: No enum constant seedu.itlogger.KeyWord.
	at java.base/java.lang.Enum.valueOf(Enum.java:240)
	at seedu.itlogger.KeyWord.valueOf(KeyWord.java:3)
	at seedu.itlogger.Parser.parseKeyWord(Parser.java:31)
	at seedu.itlogger.ItLogger.main(ItLogger.java:84)

Oct 10, 2020 11:07:11 PM seedu.itlogger.ItLogger main
INFO: Beginning program run...
Oct 10, 2020 11:07:11 PM seedu.itlogger.ItLogger main
WARNING: Non-existent keyword was captured! error is: No enum constant seedu.itlogger.KeyWord.
java.lang.IllegalArgumentException: No enum constant seedu.itlogger.KeyWord.
	at java.base/java.lang.Enum.valueOf(Enum.java:240)
	at seedu.itlogger.KeyWord.valueOf(KeyWord.java:3)
	at seedu.itlogger.Parser.parseKeyWord(Parser.java:31)
	at seedu.itlogger.ItLogger.main(ItLogger.java:84)

Oct 10, 2020 11:07:11 PM seedu.itlogger.ItLogger main
INFO: Beginning program run...
Oct 10, 2020 11:07:11 PM seedu.itlogger.ItLogger main
WARNING: Non-existent keyword was captured! error is: No enum constant seedu.itlogger.KeyWord.
java.lang.IllegalArgumentException: No enum constant seedu.itlogger.KeyWord.
	at java.base/java.lang.Enum.valueOf(Enum.java:240)
	at seedu.itlogger.KeyWord.valueOf(KeyWord.java:3)
	at seedu.itlogger.Parser.parseKeyWord(Parser.java:31)
	at seedu.itlogger.ItLogger.main(ItLogger.java:84)

Oct 10, 2020 11:07:11 PM seedu.itlogger.ItLogger main
INFO: Beginning program run...
Oct 10, 2020 11:07:11 PM seedu.itlogger.ItLogger main
WARNING: Non-existent keyword was captured! error is: No enum constant seedu.itlogger.KeyWord.
java.lang.IllegalArgumentException: No enum constant seedu.itlogger.KeyWord.
	at java.base/java.lang.Enum.valueOf(Enum.java:240)
	at seedu.itlogger.KeyWord.valueOf(KeyWord.java:3)
	at seedu.itlogger.Parser.parseKeyWord(Parser.java:31)
	at seedu.itlogger.ItLogger.main(ItLogger.java:84)

Oct 10, 2020 11:07:11 PM seedu.itlogger.ItLogger main
INFO: Beginning program run...
Oct 10, 2020 11:07:11 PM seedu.itlogger.ItLogger main
WARNING: Non-existent keyword was captured! error is: No enum constant seedu.itlogger.KeyWord.
java.lang.IllegalArgumentException: No enum constant seedu.itlogger.KeyWord.
	at java.base/java.lang.Enum.valueOf(Enum.java:240)
	at seedu.itlogger.KeyWord.valueOf(KeyWord.java:3)
	at seedu.itlogger.Parser.parseKeyWord(Parser.java:31)
	at seedu.itlogger.ItLogger.main(ItLogger.java:84)

Oct 10, 2020 11:21:21 PM seedu.itlogger.ItLogger main
INFO: Creating ITLogger issue list...
Oct 10, 2020 11:21:41 PM seedu.itlogger.ItLogger main
INFO: Getting username from user...
Oct 10, 2020 11:21:41 PM seedu.itlogger.ItLogger main
FINE: completed the obtaining of username...
Oct 10, 2020 11:21:41 PM seedu.itlogger.ItLogger main
INFO: Beginning program run...
Oct 10, 2020 11:21:44 PM seedu.itlogger.ItLogger main
INFO: getting instruction for program...
Oct 10, 2020 11:21:44 PM seedu.itlogger.ItLogger main
INFO: finished getting instruction for program...
Oct 10, 2020 11:21:44 PM seedu.itlogger.ItLogger main
CONFIG: updated config for ItLogger command
Oct 10, 2020 11:21:44 PM seedu.itlogger.ItLogger main
INFO: completed an iteration of ItLogger logic flow.
Oct 10, 2020 11:21:44 PM seedu.itlogger.ItLogger main
INFO: Beginning program run...
Oct 10, 2020 11:22:01 PM seedu.itlogger.ItLogger main
INFO: getting instruction for program...
Oct 10, 2020 11:22:01 PM seedu.itlogger.ItLogger main
INFO: finished getting instruction for program...
Oct 10, 2020 11:22:01 PM seedu.itlogger.ItLogger main
CONFIG: updated config for ItLogger command
Oct 10, 2020 11:22:01 PM seedu.itlogger.ItLogger main
INFO: Performing listing operation for ItLogger, showing all defect...
Oct 10, 2020 11:22:01 PM seedu.itlogger.ItLogger main
INFO: Obtained issueList...
Oct 10, 2020 11:22:01 PM seedu.itlogger.ItLogger main
INFO: printing issues
Oct 10, 2020 11:22:01 PM seedu.itlogger.ItLogger main
INFO: completed an iteration of ItLogger logic flow.
Oct 10, 2020 11:22:01 PM seedu.itlogger.ItLogger main
INFO: Beginning program run...
Oct 10, 2020 11:22:12 PM seedu.itlogger.ItLogger main
WARNING: Non-existent keyword was captured! error is: No enum constant seedu.itlogger.KeyWord.
java.lang.IllegalArgumentException: No enum constant seedu.itlogger.KeyWord.
	at java.base/java.lang.Enum.valueOf(Enum.java:240)
	at seedu.itlogger.KeyWord.valueOf(KeyWord.java:3)
	at seedu.itlogger.Parser.parseKeyWord(Parser.java:31)
	at seedu.itlogger.ItLogger.main(ItLogger.java:84)

Oct 10, 2020 11:22:12 PM seedu.itlogger.ItLogger main
WARNING: unknown keyword sent to IT logger as command
Oct 10, 2020 11:22:12 PM seedu.itlogger.ItLogger main
INFO: completed an iteration of ItLogger logic flow.
Oct 10, 2020 11:22:12 PM seedu.itlogger.ItLogger main
INFO: Beginning program run...
Oct 10, 2020 11:22:12 PM seedu.itlogger.ItLogger main
WARNING: Non-existent keyword was captured! error is: No enum constant seedu.itlogger.KeyWord.
java.lang.IllegalArgumentException: No enum constant seedu.itlogger.KeyWord.
	at java.base/java.lang.Enum.valueOf(Enum.java:240)
	at seedu.itlogger.KeyWord.valueOf(KeyWord.java:3)
	at seedu.itlogger.Parser.parseKeyWord(Parser.java:31)
	at seedu.itlogger.ItLogger.main(ItLogger.java:84)

Oct 10, 2020 11:22:12 PM seedu.itlogger.ItLogger main
WARNING: unknown keyword sent to IT logger as command
Oct 10, 2020 11:22:12 PM seedu.itlogger.ItLogger main
INFO: completed an iteration of ItLogger logic flow.
Oct 10, 2020 11:22:12 PM seedu.itlogger.ItLogger main
INFO: Beginning program run...
Oct 10, 2020 11:22:12 PM seedu.itlogger.ItLogger main
WARNING: Non-existent keyword was captured! error is: No enum constant seedu.itlogger.KeyWord.
java.lang.IllegalArgumentException: No enum constant seedu.itlogger.KeyWord.
	at java.base/java.lang.Enum.valueOf(Enum.java:240)
	at seedu.itlogger.KeyWord.valueOf(KeyWord.java:3)
	at seedu.itlogger.Parser.parseKeyWord(Parser.java:31)
	at seedu.itlogger.ItLogger.main(ItLogger.java:84)

Oct 10, 2020 11:22:12 PM seedu.itlogger.ItLogger main
WARNING: unknown keyword sent to IT logger as command
Oct 10, 2020 11:22:12 PM seedu.itlogger.ItLogger main
INFO: completed an iteration of ItLogger logic flow.
Oct 10, 2020 11:22:12 PM seedu.itlogger.ItLogger main
INFO: Beginning program run...
Oct 10, 2020 11:22:12 PM seedu.itlogger.ItLogger main
WARNING: Non-existent keyword was captured! error is: No enum constant seedu.itlogger.KeyWord.
java.lang.IllegalArgumentException: No enum constant seedu.itlogger.KeyWord.
	at java.base/java.lang.Enum.valueOf(Enum.java:240)
	at seedu.itlogger.KeyWord.valueOf(KeyWord.java:3)
	at seedu.itlogger.Parser.parseKeyWord(Parser.java:31)
	at seedu.itlogger.ItLogger.main(ItLogger.java:84)

Oct 10, 2020 11:22:12 PM seedu.itlogger.ItLogger main
WARNING: unknown keyword sent to IT logger as command
Oct 10, 2020 11:22:12 PM seedu.itlogger.ItLogger main
INFO: completed an iteration of ItLogger logic flow.
Oct 10, 2020 11:22:12 PM seedu.itlogger.ItLogger main
INFO: Beginning program run...
Oct 10, 2020 11:22:12 PM seedu.itlogger.ItLogger main
WARNING: Non-existent keyword was captured! error is: No enum constant seedu.itlogger.KeyWord.
java.lang.IllegalArgumentException: No enum constant seedu.itlogger.KeyWord.
	at java.base/java.lang.Enum.valueOf(Enum.java:240)
	at seedu.itlogger.KeyWord.valueOf(KeyWord.java:3)
	at seedu.itlogger.Parser.parseKeyWord(Parser.java:31)
	at seedu.itlogger.ItLogger.main(ItLogger.java:84)

Oct 10, 2020 11:22:12 PM seedu.itlogger.ItLogger main
WARNING: unknown keyword sent to IT logger as command
Oct 10, 2020 11:22:12 PM seedu.itlogger.ItLogger main
INFO: completed an iteration of ItLogger logic flow.
Oct 10, 2020 11:40:52 PM seedu.itlogger.ItLogger main
INFO: Creating ITLogger issue list...
Oct 10, 2020 11:41:00 PM seedu.itlogger.ItLogger main
INFO: Getting username from user...
Oct 10, 2020 11:41:00 PM seedu.itlogger.ItLogger main
FINE: completed the obtaining of username...
Oct 10, 2020 11:41:00 PM seedu.itlogger.ItLogger main
INFO: Beginning program run...
Oct 10, 2020 11:41:02 PM seedu.itlogger.ItLogger main
INFO: getting instruction for program...
Oct 10, 2020 11:41:02 PM seedu.itlogger.ItLogger main
INFO: finished getting instruction for program...
Oct 10, 2020 11:41:02 PM seedu.itlogger.ItLogger main
CONFIG: updated config for ItLogger command
Oct 10, 2020 11:41:02 PM seedu.itlogger.ItLogger main
INFO: completed an iteration of ItLogger logic flow.
Oct 10, 2020 11:41:02 PM seedu.itlogger.ItLogger main
INFO: Beginning program run...
Oct 10, 2020 11:41:05 PM seedu.itlogger.ItLogger main
INFO: getting instruction for program...
Oct 10, 2020 11:41:05 PM seedu.itlogger.ItLogger main
INFO: finished getting instruction for program...
Oct 10, 2020 11:41:05 PM seedu.itlogger.ItLogger main
CONFIG: updated config for ItLogger command
Oct 10, 2020 11:41:05 PM seedu.itlogger.ItLogger main
INFO: Performing listing operation for ItLogger, showing all defect...
Oct 10, 2020 11:41:05 PM seedu.itlogger.ItLogger main
INFO: Obtained issueList...
Oct 10, 2020 11:41:05 PM seedu.itlogger.ItLogger main
INFO: printing issues
Oct 10, 2020 11:41:05 PM seedu.itlogger.ItLogger main
INFO: completed an iteration of ItLogger logic flow.
Oct 10, 2020 11:41:05 PM seedu.itlogger.ItLogger main
INFO: Beginning program run...
Oct 10, 2020 11:41:25 PM seedu.itlogger.ItLogger main
WARNING: Non-existent keyword was captured! error is: No enum constant seedu.itlogger.KeyWord.
java.lang.IllegalArgumentException: No enum constant seedu.itlogger.KeyWord.
	at java.base/java.lang.Enum.valueOf(Enum.java:240)
	at seedu.itlogger.KeyWord.valueOf(KeyWord.java:3)
	at seedu.itlogger.Parser.parseKeyWord(Parser.java:31)
	at seedu.itlogger.ItLogger.main(ItLogger.java:84)

Oct 10, 2020 11:45:09 PM seedu.itlogger.ItLogger main
INFO: Creating ITLogger issue list...
